Watching for file changes with StatReloader
/home/abdusattar/Desktop/ev.28/EpicGameClone/config/settings.py changed, reloading.
Watching for file changes with StatReloader
"GET / HTTP/1.1" 200 10664
Not Found: /favicon.ico
"GET /favicon.ico HTTP/1.1" 404 2110
Watching for file changes with StatReloader
"GET /admin/ HTTP/1.1" 302 0
"GET /admin/login/?next=/admin/ HTTP/1.1" 200 4185
"GET /static/admin/css/base.css HTTP/1.1" 200 21207
"GET /static/admin/css/login.css HTTP/1.1" 200 958
"GET /static/admin/css/nav_sidebar.css HTTP/1.1" 200 2694
"GET /static/admin/js/theme.js HTTP/1.1" 200 1943
"GET /static/admin/js/nav_sidebar.js HTTP/1.1" 200 3063
"GET /static/admin/css/dark_mode.css HTTP/1.1" 200 2929
"GET /static/admin/css/responsive.css HTTP/1.1" 200 18533
"POST /admin/login/?next=/admin/ HTTP/1.1" 302 0
"GET /admin/ HTTP/1.1" 200 7360
"GET /static/admin/css/dashboard.css HTTP/1.1" 200 441
"GET /static/admin/img/icon-addlink.svg HTTP/1.1" 200 331
"GET /static/admin/img/icon-changelink.svg HTTP/1.1" 200 380
"GET /admin/account/customuser/ HTTP/1.1" 200 9582
"GET /static/admin/css/changelists.css HTTP/1.1" 200 6566
"GET /static/admin/js/jquery.init.js HTTP/1.1" 200 347
"GET /static/admin/js/urlify.js HTTP/1.1" 200 7887
"GET /static/admin/js/admin/RelatedObjectLookups.js HTTP/1.1" 200 8943
"GET /static/admin/js/actions.js HTTP/1.1" 200 7872
"GET /static/admin/js/core.js HTTP/1.1" 200 5682
"GET /static/admin/js/vendor/jquery/jquery.js HTTP/1.1" 200 292458
"GET /static/admin/js/prepopulate.js HTTP/1.1" 200 1531
"GET /static/admin/js/vendor/xregexp/xregexp.js HTTP/1.1" 200 232381
"GET /admin/jsi18n/ HTTP/1.1" 200 3343
"GET /static/admin/js/filters.js HTTP/1.1" 200 978
"GET /static/admin/img/tooltag-add.svg HTTP/1.1" 200 331
Not Found: /api/v1/account/register/
"POST /api/v1/account/register/ HTTP/1.1" 404 2150
/home/abdusattar/Desktop/ev.28/EpicGameClone/config/urls.py changed, reloading.
Watching for file changes with StatReloader
Not Found: /api/v1/account/register/
"POST /api/v1/account/register/ HTTP/1.1" 404 2266
Not Found: /api/v1/account/register/
"POST /api/v1/account/register/ HTTP/1.1" 404 2266
Bad Request: /api/v1/accounts/register/
"POST /api/v1/accounts/register/ HTTP/1.1" 400 197
"POST /api/v1/accounts/register/ HTTP/1.1" 201 126
Not Found: /api/v1/account/activate/ce9306b8-841a-4d8d-a1d9-964f698cf71d/
"GET /api/v1/account/activate/ce9306b8-841a-4d8d-a1d9-964f698cf71d/ HTTP/1.1" 404 2376
Not Found: /favicon.ico
"GET /favicon.ico HTTP/1.1" 404 2226
"GET /api/v1/accounts/activate/ce9306b8-841a-4d8d-a1d9-964f698cf71d/ HTTP/1.1" 200 6236
"GET /static/rest_framework/css/prettify.css HTTP/1.1" 200 817
"GET /static/rest_framework/css/bootstrap-tweaks.css HTTP/1.1" 200 3385
"GET /static/rest_framework/css/default.css HTTP/1.1" 200 1152
"GET /static/rest_framework/js/csrf.js HTTP/1.1" 200 1719
"GET /static/rest_framework/css/bootstrap.min.css HTTP/1.1" 200 121457
"GET /static/rest_framework/js/bootstrap.min.js HTTP/1.1" 200 39680
"GET /static/rest_framework/js/ajax-form.js HTTP/1.1" 200 3597
"GET /static/rest_framework/js/prettify-min.js HTTP/1.1" 200 13632
"GET /static/rest_framework/js/jquery-3.5.1.min.js HTTP/1.1" 200 89476
"GET /static/rest_framework/js/default.js HTTP/1.1" 200 1268
"GET /static/rest_framework/img/grid.png HTTP/1.1" 200 1458
Not Found: /api/v1/account/activate/ce9306b8-841a-4d8d-a1d9-964f698cf71d/
"GET /api/v1/account/activate/ce9306b8-841a-4d8d-a1d9-964f698cf71d/ HTTP/1.1" 404 2376
/home/abdusattar/Desktop/ev.28/EpicGameClone/config/urls.py changed, reloading.
Watching for file changes with StatReloader
Watching for file changes with StatReloader
/home/abdusattar/Desktop/ev.28/EpicGameClone/account/send_mail.py changed, reloading.
Watching for file changes with StatReloader
"GET /admin/account/customuser/ HTTP/1.1" 200 9805
"GET /static/admin/css/base.css HTTP/1.1" 304 0
"GET /static/admin/css/dark_mode.css HTTP/1.1" 304 0
"GET /static/admin/css/nav_sidebar.css HTTP/1.1" 304 0
"GET /static/admin/css/changelists.css HTTP/1.1" 304 0
"GET /static/admin/js/vendor/jquery/jquery.js HTTP/1.1" 304 0
"GET /static/admin/css/responsive.css HTTP/1.1" 304 0
"GET /static/admin/js/jquery.init.js HTTP/1.1" 304 0
"GET /static/admin/js/core.js HTTP/1.1" 304 0
"GET /static/admin/js/admin/RelatedObjectLookups.js HTTP/1.1" 304 0
"GET /admin/jsi18n/ HTTP/1.1" 200 3343
"GET /static/admin/js/actions.js HTTP/1.1" 304 0
"GET /static/admin/js/urlify.js HTTP/1.1" 304 0
"GET /static/admin/js/prepopulate.js HTTP/1.1" 304 0
"GET /static/admin/js/vendor/xregexp/xregexp.js HTTP/1.1" 304 0
"GET /static/admin/js/nav_sidebar.js HTTP/1.1" 304 0
"GET /static/admin/js/theme.js HTTP/1.1" 304 0
"GET /static/admin/js/filters.js HTTP/1.1" 304 0
"GET /static/admin/img/icon-addlink.svg HTTP/1.1" 304 0
"GET /static/admin/img/tooltag-add.svg HTTP/1.1" 304 0
"GET /admin/account/customuser/2/change/ HTTP/1.1" 200 22778
"GET /static/admin/css/forms.css HTTP/1.1" 200 9047
"GET /static/admin/js/admin/DateTimeShortcuts.js HTTP/1.1" 200 19319
"GET /static/admin/js/calendar.js HTTP/1.1" 200 8466
"GET /admin/jsi18n/ HTTP/1.1" 200 3343
"GET /static/admin/css/widgets.css HTTP/1.1" 200 11900
"GET /static/admin/js/prepopulate_init.js HTTP/1.1" 200 586
"GET /static/admin/js/change_form.js HTTP/1.1" 200 606
"GET /static/admin/img/icon-calendar.svg HTTP/1.1" 200 1086
"GET /static/admin/img/icon-clock.svg HTTP/1.1" 200 677
"GET /admin/account/customuser/2/delete/ HTTP/1.1" 200 8414
"GET /static/admin/js/cancel.js HTTP/1.1" 200 884
"POST /admin/account/customuser/2/delete/ HTTP/1.1" 302 0
"GET /admin/account/customuser/ HTTP/1.1" 200 9746
"GET /admin/jsi18n/ HTTP/1.1" 200 3343
"GET /static/admin/img/icon-yes.svg HTTP/1.1" 200 436
"POST /api/v1/accounts/register/ HTTP/1.1" 201 126
"GET /api/v1/accounts/activate/9ff37e92-c209-4362-bc87-03060d040c17/ HTTP/1.1" 200 6236
"GET /static/rest_framework/css/bootstrap.min.css HTTP/1.1" 304 0
"GET /static/rest_framework/css/bootstrap-tweaks.css HTTP/1.1" 304 0
"GET /static/rest_framework/css/prettify.css HTTP/1.1" 304 0
"GET /static/rest_framework/css/default.css HTTP/1.1" 304 0
"GET /static/rest_framework/js/bootstrap.min.js HTTP/1.1" 304 0
"GET /static/rest_framework/js/jquery-3.5.1.min.js HTTP/1.1" 304 0
"GET /static/rest_framework/js/ajax-form.js HTTP/1.1" 304 0
"GET /static/rest_framework/js/default.js HTTP/1.1" 304 0
"GET /static/rest_framework/js/prettify-min.js HTTP/1.1" 304 0
"GET /static/rest_framework/js/csrf.js HTTP/1.1" 304 0
"GET /static/rest_framework/img/grid.png HTTP/1.1" 304 0
